<?xml version="1.0" encoding="UTF-8"?>
<!-- Generated by org.testng.reporters.JUnitReportReporter -->
<testsuite skipped="0" hostname="ISS460602002831" name="TasksConfigReaderWriterTest" tests="1" failures="0" timestamp="15 一月 2018 07:04:32 GMT" time="0.625" errors="0">
  <testcase name="testSuite" time="0.625" classname="TasksConfigReaderWriterTest"/>
</testsuite> <!-- TasksConfigReaderWriterTest -->
