<?xml version="1.0" encoding="UTF-8"?>
<!-- Generated by org.testng.reporters.JUnitReportReporter -->
<testsuite skipped="0" hostname="ISS460602002831" name="TasksConfigReaderTest" tests="1" failures="0" timestamp="28 十二月 2017 03:41:03 GMT" time="0.456" errors="0">
  <testcase name="testReader1" time="0.456" classname="TasksConfigReaderTest"/>
</testsuite> <!-- TasksConfigReaderTest -->
